{"C:\\4.Assure\\Frontend\\jsFetch\\src\\utils\\fetchWeather.js": {"path":"C:\\4.Assure\\Frontend\\jsFetch\\src\\utils\\fetchWeather.js","statementMap":{"0":{"start":{"line":7,"column":4},"end":{"line":16,"column":5}},"1":{"start":{"line":8,"column":21},"end":{"line":8,"column":63}},"2":{"start":{"line":9,"column":20},"end":{"line":9,"column":54}},"3":{"start":{"line":11,"column":34},"end":{"line":11,"column":85}},"4":{"start":{"line":12,"column":24},"end":{"line":12,"column":54}},"5":{"start":{"line":13,"column":8},"end":{"line":13,"column":36}},"6":{"start":{"line":15,"column":8},"end":{"line":15,"column":27}}},"fnMap":{"0":{"name":"fetchWeatherData","decl":{"start":{"line":6,"column":22},"end":{"line":6,"column":38}},"loc":{"start":{"line":6,"column":48},"end":{"line":17,"column":1}},"line":6}},"branchMap":{},"s":{"0":1,"1":1,"2":1,"3":1,"4":1,"5":1,"6":0},"f":{"0":1},"b":{},"_coverageSchema":"1a1c01bbd47fc00a2c39e90264f33305004495a9","hash":"fce2618b6076238b0fbadaccec93b8538f9a6042"}
,"C:\\4.Assure\\Frontend\\jsFetch\\src\\utils\\loadCities.js": {"path":"C:\\4.Assure\\Frontend\\jsFetch\\src\\utils\\loadCities.js","statementMap":{"0":{"start":{"line":9,"column":23},"end":{"line":9,"column":56}},"1":{"start":{"line":10,"column":4},"end":{"line":19,"column":7}},"2":{"start":{"line":11,"column":24},"end":{"line":11,"column":47}},"3":{"start":{"line":12,"column":23},"end":{"line":12,"column":45}},"4":{"start":{"line":13,"column":8},"end":{"line":13,"column":46}},"5":{"start":{"line":14,"column":8},"end":{"line":14,"column":39}},"6":{"start":{"line":15,"column":8},"end":{"line":15,"column":78}},"7":{"start":{"line":15,"column":38},"end":{"line":15,"column":76}},"8":{"start":{"line":16,"column":8},"end":{"line":16,"column":28}},"9":{"start":{"line":17,"column":8},"end":{"line":17,"column":36}},"10":{"start":{"line":18,"column":8},"end":{"line":18,"column":40}}},"fnMap":{"0":{"name":"loadCities","decl":{"start":{"line":3,"column":16},"end":{"line":3,"column":26}},"loc":{"start":{"line":3,"column":39},"end":{"line":21,"column":1}},"line":3},"1":{"name":"(anonymous_1)","decl":{"start":{"line":10,"column":19},"end":{"line":10,"column":20}},"loc":{"start":{"line":10,"column":29},"end":{"line":19,"column":5}},"line":10},"2":{"name":"(anonymous_2)","decl":{"start":{"line":15,"column":25},"end":{"line":15,"column":26}},"loc":{"start":{"line":15,"column":36},"end":{"line":15,"column":77}},"line":15}},"branchMap":{},"s":{"0":1,"1":1,"2":1,"3":1,"4":1,"5":1,"6":1,"7":0,"8":1,"9":1,"10":1},"f":{"0":1,"1":1,"2":0},"b":{},"_coverageSchema":"1a1c01bbd47fc00a2c39e90264f33305004495a9","hash":"897b7b92ffab0f21256ee0f3ac265004f01a073b"}
,"C:\\4.Assure\\Frontend\\jsFetch\\src\\utils\\loadingAnimation.js": {"path":"C:\\4.Assure\\Frontend\\jsFetch\\src\\utils\\loadingAnimation.js","statementMap":{"0":{"start":{"line":2,"column":4},"end":{"line":2,"column":59}},"1":{"start":{"line":2,"column":34},"end":{"line":2,"column":57}},"2":{"start":{"line":6,"column":19},"end":{"line":6,"column":47}},"3":{"start":{"line":7,"column":4},"end":{"line":7,"column":40}},"4":{"start":{"line":8,"column":4},"end":{"line":8,"column":24}},"5":{"start":{"line":9,"column":4},"end":{"line":9,"column":39}}},"fnMap":{"0":{"name":"timeout","decl":{"start":{"line":1,"column":9},"end":{"line":1,"column":16}},"loc":{"start":{"line":1,"column":21},"end":{"line":3,"column":1}},"line":1},"1":{"name":"(anonymous_1)","decl":{"start":{"line":2,"column":23},"end":{"line":2,"column":24}},"loc":{"start":{"line":2,"column":34},"end":{"line":2,"column":57}},"line":2},"2":{"name":"loadingAnimation","decl":{"start":{"line":5,"column":22},"end":{"line":5,"column":38}},"loc":{"start":{"line":5,"column":43},"end":{"line":10,"column":1}},"line":5}},"branchMap":{},"s":{"0":1,"1":1,"2":1,"3":1,"4":1,"5":1},"f":{"0":1,"1":1,"2":1},"b":{},"_coverageSchema":"1a1c01bbd47fc00a2c39e90264f33305004495a9","hash":"14706df56f11045e812117f5042e0440674a503b"}
,"C:\\4.Assure\\Frontend\\jsFetch\\src\\utils\\renderWeather.js": {"path":"C:\\4.Assure\\Frontend\\jsFetch\\src\\utils\\renderWeather.js","statementMap":{"0":{"start":{"line":5,"column":4},"end":{"line":24,"column":5}},"1":{"start":{"line":6,"column":32},"end":{"line":6,"column":65}},"2":{"start":{"line":7,"column":32},"end":{"line":7,"column":65}},"3":{"start":{"line":8,"column":25},"end":{"line":8,"column":51}},"4":{"start":{"line":9,"column":28},"end":{"line":9,"column":57}},"5":{"start":{"line":10,"column":24},"end":{"line":10,"column":50}},"6":{"start":{"line":12,"column":23},"end":{"line":12,"column":26}},"7":{"start":{"line":13,"column":20},"end":{"line":13,"column":52}},"8":{"start":{"line":14,"column":8},"end":{"line":14,"column":36}},"9":{"start":{"line":16,"column":8},"end":{"line":16,"column":79}},"10":{"start":{"line":17,"column":8},"end":{"line":17,"column":65}},"11":{"start":{"line":18,"column":8},"end":{"line":18,"column":40}},"12":{"start":{"line":19,"column":8},"end":{"line":19,"column":50}},"13":{"start":{"line":20,"column":8},"end":{"line":20,"column":76}},"14":{"start":{"line":23,"column":8},"end":{"line":23,"column":27}}},"fnMap":{"0":{"name":"renderWeather","decl":{"start":{"line":4,"column":22},"end":{"line":4,"column":35}},"loc":{"start":{"line":4,"column":51},"end":{"line":25,"column":1}},"line":4}},"branchMap":{},"s":{"0":1,"1":1,"2":1,"3":1,"4":1,"5":1,"6":1,"7":1,"8":1,"9":1,"10":1,"11":1,"12":1,"13":1,"14":0},"f":{"0":1},"b":{},"_coverageSchema":"1a1c01bbd47fc00a2c39e90264f33305004495a9","hash":"6abb36b4864ff0e5839c2df3ab02f33e3dc6fbb2"}
}
