TN:
SF:src\utils\fetchWeather.js
FN:6,fetchWeatherData
FNF:1
FNH:1
FNDA:1,fetchWeatherData
DA:7,1
DA:8,1
DA:9,1
DA:11,1
DA:12,1
DA:13,1
DA:15,0
LF:7
LH:6
BRF:0
BRH:0
end_of_record
TN:
SF:src\utils\loadCities.js
FN:3,loadCities
FN:10,(anonymous_1)
FN:15,(anonymous_2)
FNF:3
FNH:2
FNDA:1,loadCities
FNDA:1,(anonymous_1)
FNDA:0,(anonymous_2)
DA:9,1
DA:10,1
DA:11,1
DA:12,1
DA:13,1
DA:14,1
DA:15,1
DA:16,1
DA:17,1
DA:18,1
LF:10
LH:10
BRF:0
BRH:0
end_of_record
TN:
SF:src\utils\loadingAnimation.js
FN:1,timeout
FN:2,(anonymous_1)
FN:5,loadingAnimation
FNF:3
FNH:3
FNDA:1,timeout
FNDA:1,(anonymous_1)
FNDA:1,loadingAnimation
DA:2,1
DA:6,1
DA:7,1
DA:8,1
DA:9,1
LF:5
LH:5
BRF:0
BRH:0
end_of_record
TN:
SF:src\utils\renderWeather.js
FN:4,renderWeather
FNF:1
FNH:1
FNDA:1,renderWeather
DA:5,1
DA:6,1
DA:7,1
DA:8,1
DA:9,1
DA:10,1
DA:12,1
DA:13,1
DA:14,1
DA:16,1
DA:17,1
DA:18,1
DA:19,1
DA:20,1
DA:23,0
LF:15
LH:14
BRF:0
BRH:0
end_of_record
